GROUP,PACKAGE,CLASS,INSTRUCTION_MISSED,INSTRUCTION_COVERED,BRANCH_MISSED,BRANCH_COVERED,LINE_MISSED,LINE_COVERED,COMPLEXITY_MISSED,COMPLEXITY_COVERED,METHOD_MISSED,METHOD_COVERED
Calendar,calendar,CalendarMain,420,0,24,0,89,0,14,0,2,0
Calendar,calendar,CalDay,0,202,3,15,0,52,3,21,0,15
Calendar,calendar,Appt,8,338,3,29,1,91,2,44,0,30
Calendar,calendar,TimeTable,6,309,3,49,3,77,3,30,0,6
Calendar,calendar,CalendarUtil,11,79,3,7,4,9,3,6,1,3
Calendar,calendar,DateOutOfRangeException,3,4,0,0,2,2,1,1,1,1
