GROUP,PACKAGE,CLASS,INSTRUCTION_MISSED,INSTRUCTION_COVERED,BRANCH_MISSED,BRANCH_COVERED,LINE_MISSED,LINE_COVERED,COMPLEXITY_MISSED,COMPLEXITY_COVERED,METHOD_MISSED,METHOD_COVERED
Calendar,calendar,CalendarMain,420,0,24,0,89,0,14,0,2,0
Calendar,calendar,CalDay,0,202,3,15,0,52,3,21,0,15
Calendar,calendar,Appt,4,342,2,30,1,91,2,44,0,30
Calendar,calendar,TimeTable,71,244,19,33,19,61,15,18,0,6
Calendar,calendar,CalendarUtil,13,78,5,5,5,8,5,4,1,3
Calendar,calendar,DateOutOfRangeException,3,4,0,0,2,2,1,1,1,1
