GROUP,PACKAGE,CLASS,INSTRUCTION_MISSED,INSTRUCTION_COVERED,BRANCH_MISSED,BRANCH_COVERED,LINE_MISSED,LINE_COVERED,COMPLEXITY_MISSED,COMPLEXITY_COVERED,METHOD_MISSED,METHOD_COVERED
Calendar,calendar,CalendarMain,420,0,24,0,89,0,14,0,2,0
Calendar,calendar,CalDay,102,100,9,9,23,29,14,10,8,7
Calendar,calendar,Appt,168,178,11,21,36,56,18,28,11,19
Calendar,calendar,TimeTable,48,267,8,44,14,66,7,26,1,5
Calendar,calendar,CalendarUtil,7,84,2,8,3,10,3,6,1,3
Calendar,calendar,DateOutOfRangeException,3,4,0,0,2,2,1,1,1,1
